{
  "stats": {
    "suites": 1,
    "tests": 3,
    "passes": 2,
    "pending": 0,
    "failures": 1,
    "start": "2023-11-15T02:18:23.501Z",
    "end": "2023-11-15T02:18:34.430Z",
    "duration": 10929,
    "testsRegistered": 3,
    "passPercent": 66.66666666666666,
    "pendingPercent": 0,
    "other": 0,
    "hasOther": false,
    "skipped": 0,
    "hasSkipped": false
  },
  "results": [
    {
      "uuid": "e0e9b010-871a-4f5e-9433-1d4f63c4b85c",
      "title": "",
      "fullFile": "cypress/e2e/integration/02-firstTest.cy.js",
      "file": "cypress/e2e/integration/02-firstTest.cy.js",
      "beforeHooks": [],
      "afterHooks": [],
      "tests": [],
      "suites": [
        {
          "uuid": "f7fd2896-d88e-4680-b051-8f4d9c15338e",
          "title": "My First Test",
          "fullFile": "",
          "file": "",
          "beforeHooks": [],
          "afterHooks": [],
          "tests": [
            {
              "title": "Visit TechGlobal training app home page",
              "fullTitle": "My First Test Visit TechGlobal training app home page",
              "timedOut": null,
              "duration": 1135,
              "state": "passed",
              "speed": "fast",
              "pass": true,
              "fail": false,
              "pending": false,
              "context": null,
              "code": "// Visits the web page\ncy.visit('https://techglobal-training.com/');\n// cy.reload()\n// cy.visit('https://techglobal-training.com/frontend')\n// // Navigate back on the web page\n// // cy.go('back')\n// cy.go(-1)\n// // cy.go('forward')\n// cy.go(1)\n// cy.go(-1)\n// Title validation of web page\ncy.title().should('eq', 'Techglobal Training | Home');\n// URL validation of web page\ncy.url().should('eq', 'https://techglobal-training.com/');\ncy.url().should('contain', 'techglobal-training');",
              "err": {},
              "uuid": "bf75682e-4fa9-43fd-87c7-c1a4db8e3ca0",
              "parentUUID": "f7fd2896-d88e-4680-b051-8f4d9c15338e",
              "isHook": false,
              "skipped": false
            },
            {
              "title": "My First Test",
              "fullTitle": "My First Test My First Test",
              "timedOut": null,
              "duration": 446,
              "state": "passed",
              "speed": "fast",
              "pass": true,
              "fail": false,
              "pending": false,
              "context": null,
              "code": "expect(true).to.equal(true);",
              "err": {},
              "uuid": "39aa7165-6af7-4276-a291-f44eb8782284",
              "parentUUID": "f7fd2896-d88e-4680-b051-8f4d9c15338e",
              "isHook": false,
              "skipped": false
            },
            {
              "title": "Logo",
              "fullTitle": "My First Test Logo",
              "timedOut": null,
              "duration": 9285,
              "state": "failed",
              "speed": null,
              "pass": false,
              "fail": true,
              "pending": false,
              "context": "{\n  \"title\": \"cypress-mochawesome-reporter-screenshots\",\n  \"value\": [\n    [\n      \"/02-firstTest.cy.js/My First Test -- Logo (failed).png\"\n    ]\n  ]\n}",
              "code": "cy.visit('https://techglobal-training.com/');\ncy.get(\"#logo\").should('be.visible').click().should().click();",
              "err": {
                "message": "TypeError: Timed out retrying after 6050ms: Cannot read properties of undefined (reading 'split')",
                "estack": "TypeError: Timed out retrying after 6050ms: Cannot read properties of undefined (reading 'split')\n    at Context.shouldFn (https://techglobal-training.com/__cypress/runner/cypress_runner.js:117765:25)\n    at Context.should (https://techglobal-training.com/__cypress/runner/cypress_runner.js:117860:23)\n    at <unknown> (https://techglobal-training.com/__cypress/runner/cypress_runner.js:143419:39)\n    at assertions (https://techglobal-training.com/__cypress/runner/cypress_runner.js:143668:16)\n    at tryCatcher (https://techglobal-training.com/__cypress/runner/cypress_runner.js:1807:23)\n    at Object.gotValue (https://techglobal-training.com/__cypress/runner/cypress_runner.js:6478:18)\n    at Object.gotAccum (https://techglobal-training.com/__cypress/runner/cypress_runner.js:6465:25)\n    at Object.tryCatcher (https://techglobal-training.com/__cypress/runner/cypress_runner.js:1807:23)\n    at Promise._settlePromiseFromHandler (https://techglobal-training.com/__cypress/runner/cypress_runner.js:1519:31)\n    at Promise._settlePromise (https://techglobal-training.com/__cypress/runner/cypress_runner.js:1576:18)\n    at Promise._settlePromiseCtx (https://techglobal-training.com/__cypress/runner/cypress_runner.js:1613:10)\n    at _drainQueueStep (https://techglobal-training.com/__cypress/runner/cypress_runner.js:2411:12)\n    at _drainQueue (https://techglobal-training.com/__cypress/runner/cypress_runner.js:2400:9)\n    at Async._drainQueues (https://techglobal-training.com/__cypress/runner/cypress_runner.js:2416:5)\n    at Async.drainQueues (https://techglobal-training.com/__cypress/runner/cypress_runner.js:2286:14)",
                "diff": null
              },
              "uuid": "bd3b4e4d-d24c-4733-b8d6-7465ac3dbf35",
              "parentUUID": "f7fd2896-d88e-4680-b051-8f4d9c15338e",
              "isHook": false,
              "skipped": false
            }
          ],
          "suites": [],
          "passes": [
            "bf75682e-4fa9-43fd-87c7-c1a4db8e3ca0",
            "39aa7165-6af7-4276-a291-f44eb8782284"
          ],
          "failures": [
            "bd3b4e4d-d24c-4733-b8d6-7465ac3dbf35"
          ],
          "pending": [],
          "skipped": [],
          "duration": 10866,
          "root": false,
          "rootEmpty": false,
          "_timeout": 2000
        }
      ],
      "passes": [],
      "failures": [],
      "pending": [],
      "skipped": [],
      "duration": 0,
      "root": true,
      "rootEmpty": true,
      "_timeout": 2000
    }
  ],
  "meta": {
    "mocha": {
      "version": "7.0.1"
    },
    "mochawesome": {
      "options": {
        "quiet": false,
        "reportFilename": "mochawesome",
        "saveHtml": false,
        "saveJson": true,
        "consoleReporter": "spec",
        "useInlineDiffs": false,
        "code": true
      },
      "version": "7.1.3"
    },
    "marge": {
      "options": {
        "overwrite": false,
        "html": false,
        "json": true,
        "reportDir": "cypress/reports/html/.jsons"
      },
      "version": "6.2.0"
    }
  }
}