{
  "stats": {
    "suites": 1,
    "tests": 1,
    "passes": 1,
    "pending": 0,
    "failures": 0,
    "start": "2023-11-15T02:18:35.506Z",
    "end": "2023-11-15T02:18:36.698Z",
    "duration": 1192,
    "testsRegistered": 1,
    "passPercent": 100,
    "pendingPercent": 0,
    "other": 0,
    "hasOther": false,
    "skipped": 0,
    "hasSkipped": false
  },
  "results": [
    {
      "uuid": "2d26851f-0cf6-446e-be8b-a91c7e91ec9a",
      "title": "",
      "fullFile": "cypress/e2e/integration/02-locators.cy.js",
      "file": "cypress/e2e/integration/02-locators.cy.js",
      "beforeHooks": [],
      "afterHooks": [],
      "tests": [],
      "suites": [
        {
          "uuid": "d4da3465-7c44-47ef-a679-0b8209b5fb35",
          "title": "CSS Locators",
          "fullFile": "",
          "file": "",
          "beforeHooks": [],
          "afterHooks": [],
          "tests": [
            {
              "title": "CSS Locators - Pseudo-classes",
              "fullTitle": "CSS Locators CSS Locators - Pseudo-classes",
              "timedOut": null,
              "duration": 1123,
              "state": "passed",
              "speed": "fast",
              "pass": true,
              "fail": false,
              "pending": false,
              "context": null,
              "code": "cy.visit('https://techglobal-training.com/frontend/html-elements');\ncy.get('#ordered_list li');\ncy.get('#ordered_list li:last-child');\ncy.get('#ordered_list li:first-child');\ncy.get('#ordered_list li:nth-child(1)');\ncy.get('#checkbox_1').check();\ncy.get('input:checked');\ncy.get('option:selected');\n//NOTE: You can practice below locator using below URL\n// cy.visit('https://techglobal-training.com/js-exercises/js-output')\n// cy.get('.explanation.content > p + ul > li:first-child')",
              "err": {},
              "uuid": "a338cb54-449c-4f85-81e2-29beaa04273a",
              "parentUUID": "d4da3465-7c44-47ef-a679-0b8209b5fb35",
              "isHook": false,
              "skipped": false
            }
          ],
          "suites": [],
          "passes": [
            "a338cb54-449c-4f85-81e2-29beaa04273a"
          ],
          "failures": [],
          "pending": [],
          "skipped": [],
          "duration": 1123,
          "root": false,
          "rootEmpty": false,
          "_timeout": 2000
        }
      ],
      "passes": [],
      "failures": [],
      "pending": [],
      "skipped": [],
      "duration": 0,
      "root": true,
      "rootEmpty": true,
      "_timeout": 2000
    }
  ],
  "meta": {
    "mocha": {
      "version": "7.0.1"
    },
    "mochawesome": {
      "options": {
        "quiet": false,
        "reportFilename": "mochawesome",
        "saveHtml": false,
        "saveJson": true,
        "consoleReporter": "spec",
        "useInlineDiffs": false,
        "code": true
      },
      "version": "7.1.3"
    },
    "marge": {
      "options": {
        "overwrite": false,
        "html": false,
        "json": true,
        "reportDir": "cypress/reports/html/.jsons"
      },
      "version": "6.2.0"
    }
  }
}