{
  "stats": {
    "suites": 1,
    "tests": 2,
    "passes": 1,
    "pending": 0,
    "failures": 1,
    "start": "2023-11-15T02:19:05.384Z",
    "end": "2023-11-15T02:19:14.082Z",
    "duration": 8698,
    "testsRegistered": 2,
    "passPercent": 50,
    "pendingPercent": 0,
    "other": 0,
    "hasOther": false,
    "skipped": 0,
    "hasSkipped": false
  },
  "results": [
    {
      "uuid": "c3579459-3d76-4ae8-808b-f8716483408e",
      "title": "",
      "fullFile": "cypress/e2e/integration/11-customCommands.cy.js",
      "file": "cypress/e2e/integration/11-customCommands.cy.js",
      "beforeHooks": [],
      "afterHooks": [],
      "tests": [],
      "suites": [
        {
          "uuid": "d64eedee-b4e4-4df7-9310-cdec2799cd30",
          "title": "Custom Commands",
          "fullFile": "",
          "file": "",
          "beforeHooks": [],
          "afterHooks": [],
          "tests": [
            {
              "title": "Parent Command",
              "fullTitle": "Custom Commands Parent Command",
              "timedOut": null,
              "duration": 1637,
              "state": "passed",
              "speed": "fast",
              "pass": true,
              "fail": false,
              "pending": false,
              "context": null,
              "code": "cy.visit(\"https://techglobal-training.com/frontend\");\ncy.get('.cards').contains('Html Elements').click();\ncy.login('Tech', 'Global');\ncy.selectDropdownOption('#company_dropdown1', 'Apple');\ncy.selectDropdownOption('#company_dropdown2', 'Microsoft');",
              "err": {},
              "uuid": "b38cec3f-cccc-41e4-8d1d-b4bccf1eae35",
              "parentUUID": "d64eedee-b4e4-4df7-9310-cdec2799cd30",
              "isHook": false,
              "skipped": false
            },
            {
              "title": "Child Command",
              "fullTitle": "Custom Commands Child Command",
              "timedOut": null,
              "duration": 7000,
              "state": "failed",
              "speed": null,
              "pass": false,
              "fail": true,
              "pending": false,
              "context": "{\n  \"title\": \"cypress-mochawesome-reporter-screenshots\",\n  \"value\": [\n    [\n      \"/11-customCommands.cy.js/Custom Commands -- Child Command (failed).png\"\n    ]\n  ]\n}",
              "code": "cy.visit(\"https://techglobal-training.com/frontend\");\ncy.get('.cards').contains('Html Elements').click();\ncy.get('#main_heading').then($el => {\n  cy.log($el.text());\n});\ncy.get('#main_heading').logText();\ncy.get('#main_heading').assertAttribute('id', 'main_heading');",
              "err": {
                "message": "CypressError: Timed out retrying after 6000ms: You attempted to make a chai-jQuery assertion on an object that is neither a DOM object or a jQuery object.\n\nThe chai-jQuery assertion you used was:\n\n  > value\n\nThe invalid subject you asserted on was:\n\n  > main_heading\n\nTo use chai-jQuery assertions your subject must be valid.\n\nThis can sometimes happen if a previous assertion changed the subject.",
                "estack": "CypressError: Timed out retrying after 6000ms: You attempted to make a chai-jQuery assertion on an object that is neither a DOM object or a jQuery object.\n\nThe chai-jQuery assertion you used was:\n\n  > value\n\nThe invalid subject you asserted on was:\n\n  > main_heading\n\nTo use chai-jQuery assertions your subject must be valid.\n\nThis can sometimes happen if a previous assertion changed the subject.\n    at Object.onInvalid (https://techglobal-training.com/__cypress/runner/cypress_runner.js:139192:68)\n    at assertDom (https://techglobal-training.com/__cypress/runner/cypress_runner.js:139847:26)\n    at Proxy.<anonymous> (https://techglobal-training.com/__cypress/runner/cypress_runner.js:139917:5)\n    at Proxy.methodWrapper (https://techglobal-training.com/__cypress/runner/cypress_runner.js:77790:25)\n    at applyChainer (https://techglobal-training.com/__cypress/runner/cypress_runner.js:117786:26)\n    at <unknown> (https://techglobal-training.com/__cypress/runner/cypress_runner.js:117839:16)\n    at arrayReduce (https://techglobal-training.com/__cypress/runner/cypress_runner.js:17809:21)\n    at Function.reduce (https://techglobal-training.com/__cypress/runner/cypress_runner.js:26861:14)\n    at applyChainers (https://techglobal-training.com/__cypress/runner/cypress_runner.js:117817:68)\n    at tryCatcher (https://techglobal-training.com/__cypress/runner/cypress_runner.js:1807:23)\n    at Promise.attempt.Promise.try (https://techglobal-training.com/__cypress/runner/cypress_runner.js:4315:29)\n    at Context.shouldFn (https://techglobal-training.com/__cypress/runner/cypress_runner.js:117843:66)\n    at Context.and (https://techglobal-training.com/__cypress/runner/cypress_runner.js:117865:23)\n    at <unknown> (https://techglobal-training.com/__cypress/runner/cypress_runner.js:143419:39)\n    at assertions (https://techglobal-training.com/__cypress/runner/cypress_runner.js:143668:16)\n    at tryCatcher (https://techglobal-training.com/__cypress/runner/cypress_runner.js:1807:23)\n    at Object.gotValue (https://techglobal-training.com/__cypress/runner/cypress_runner.js:6478:18)\n    at Object.gotAccum (https://techglobal-training.com/__cypress/runner/cypress_runner.js:6465:25)\n    at Object.tryCatcher (https://techglobal-training.com/__cypress/runner/cypress_runner.js:1807:23)\n    at Promise._settlePromiseFromHandler (https://techglobal-training.com/__cypress/runner/cypress_runner.js:1519:31)\n    at Promise._settlePromise (https://techglobal-training.com/__cypress/runner/cypress_runner.js:1576:18)\n    at Promise._settlePromise0 (https://techglobal-training.com/__cypress/runner/cypress_runner.js:1621:10)\nFrom Your Spec Code:\n    at Context.eval (webpack://cypressproject/./cypress/support/commands.js:45:63)",
                "diff": null
              },
              "uuid": "4dd9336b-9a48-454c-acbf-8e2468c023e6",
              "parentUUID": "d64eedee-b4e4-4df7-9310-cdec2799cd30",
              "isHook": false,
              "skipped": false
            }
          ],
          "suites": [],
          "passes": [
            "b38cec3f-cccc-41e4-8d1d-b4bccf1eae35"
          ],
          "failures": [
            "4dd9336b-9a48-454c-acbf-8e2468c023e6"
          ],
          "pending": [],
          "skipped": [],
          "duration": 8637,
          "root": false,
          "rootEmpty": false,
          "_timeout": 2000
        }
      ],
      "passes": [],
      "failures": [],
      "pending": [],
      "skipped": [],
      "duration": 0,
      "root": true,
      "rootEmpty": true,
      "_timeout": 2000
    }
  ],
  "meta": {
    "mocha": {
      "version": "7.0.1"
    },
    "mochawesome": {
      "options": {
        "quiet": false,
        "reportFilename": "mochawesome",
        "saveHtml": false,
        "saveJson": true,
        "consoleReporter": "spec",
        "useInlineDiffs": false,
        "code": true
      },
      "version": "7.1.3"
    },
    "marge": {
      "options": {
        "overwrite": false,
        "html": false,
        "json": true,
        "reportDir": "cypress/reports/html/.jsons"
      },
      "version": "6.2.0"
    }
  }
}