{
  "stats": {
    "suites": 1,
    "tests": 2,
    "passes": 2,
    "pending": 0,
    "failures": 0,
    "start": "2023-11-15T02:19:28.111Z",
    "end": "2023-11-15T02:19:40.732Z",
    "duration": 12621,
    "testsRegistered": 2,
    "passPercent": 100,
    "pendingPercent": 0,
    "other": 0,
    "hasOther": false,
    "skipped": 0,
    "hasSkipped": false
  },
  "results": [
    {
      "uuid": "a5dd714d-66c3-4a90-8546-e7ffe1a784ac",
      "title": "",
      "fullFile": "cypress/e2e/integration/13-debugging.cy.js",
      "file": "cypress/e2e/integration/13-debugging.cy.js",
      "beforeHooks": [],
      "afterHooks": [],
      "tests": [],
      "suites": [
        {
          "uuid": "5c2ebc18-4776-4ef6-adbb-ede0de46810c",
          "title": "Debugging",
          "fullFile": "",
          "file": "",
          "beforeHooks": [],
          "afterHooks": [],
          "tests": [
            {
              "title": "cy.wait() - Hard Wait",
              "fullTitle": "Debugging cy.wait() - Hard Wait",
              "timedOut": null,
              "duration": 11096,
              "state": "passed",
              "speed": "slow",
              "pass": true,
              "fail": false,
              "pending": false,
              "context": null,
              "code": "cy.visit('https://techglobal-training.com/frontend');\ncy.get('.cards').contains('Html Elements').click();\ncy.wait(10000);\ncy.get('#checkbox_1').check();",
              "err": {},
              "uuid": "39e22bc0-7c43-4b52-bb37-cf04fbed5a17",
              "parentUUID": "5c2ebc18-4776-4ef6-adbb-ede0de46810c",
              "isHook": false,
              "skipped": false
            },
            {
              "title": "Debugging using pause",
              "fullTitle": "Debugging Debugging using pause",
              "timedOut": null,
              "duration": 1423,
              "state": "passed",
              "speed": "fast",
              "pass": true,
              "fail": false,
              "pending": false,
              "context": null,
              "code": "cy.visit('https://techglobal-training.com/frontend');\ncy.get('.cards').contains('Project - Login Function').click();\ncy.get('#username').type('TechGlobal');\ncy.pause();\ncy.get('#password').type('Test1234');\ncy.get('#login_btn').click();\ncy.get('#success_lgn').should('be.visible');",
              "err": {},
              "uuid": "8360b46d-fc80-4b23-be0f-154206709bd8",
              "parentUUID": "5c2ebc18-4776-4ef6-adbb-ede0de46810c",
              "isHook": false,
              "skipped": false
            }
          ],
          "suites": [],
          "passes": [
            "39e22bc0-7c43-4b52-bb37-cf04fbed5a17",
            "8360b46d-fc80-4b23-be0f-154206709bd8"
          ],
          "failures": [],
          "pending": [],
          "skipped": [],
          "duration": 12519,
          "root": false,
          "rootEmpty": false,
          "_timeout": 2000
        }
      ],
      "passes": [],
      "failures": [],
      "pending": [],
      "skipped": [],
      "duration": 0,
      "root": true,
      "rootEmpty": true,
      "_timeout": 2000
    }
  ],
  "meta": {
    "mocha": {
      "version": "7.0.1"
    },
    "mochawesome": {
      "options": {
        "quiet": false,
        "reportFilename": "mochawesome",
        "saveHtml": false,
        "saveJson": true,
        "consoleReporter": "spec",
        "useInlineDiffs": false,
        "code": true
      },
      "version": "7.1.3"
    },
    "marge": {
      "options": {
        "overwrite": false,
        "html": false,
        "json": true,
        "reportDir": "cypress/reports/html/.jsons"
      },
      "version": "6.2.0"
    }
  }
}