{
  "stats": {
    "suites": 1,
    "tests": 10,
    "passes": 10,
    "pending": 0,
    "failures": 0,
    "start": "2023-11-15T02:20:16.446Z",
    "end": "2023-11-15T02:20:27.939Z",
    "duration": 11493,
    "testsRegistered": 10,
    "passPercent": 100,
    "pendingPercent": 0,
    "other": 0,
    "hasOther": false,
    "skipped": 0,
    "hasSkipped": false
  },
  "results": [
    {
      "uuid": "77f8de93-7f26-40c7-96f7-2722d8244fec",
      "title": "",
      "fullFile": "cypress/e2e/integration/project-loginFunction.cy.js",
      "file": "cypress/e2e/integration/project-loginFunction.cy.js",
      "beforeHooks": [],
      "afterHooks": [],
      "tests": [],
      "suites": [
        {
          "uuid": "a4ead4d8-e359-4f29-9e6d-d3ded3877320",
          "title": "Login form test",
          "fullFile": "",
          "file": "",
          "beforeHooks": [],
          "afterHooks": [],
          "tests": [
            {
              "title": "Validate the login form",
              "fullTitle": "Login form test Validate the login form",
              "timedOut": null,
              "duration": 1215,
              "state": "passed",
              "speed": "fast",
              "pass": true,
              "fail": false,
              "pending": false,
              "context": null,
              "code": "cy.visit('https://techglobal-training.com/frontend');\ncy.get('.cards').contains('Project - Login Function').click();\nloginPage.getLoginTitles().first().should('have.text', 'Please enter your username');\nloginPage.getLoginTitles().last().should('have.text', 'Please enter your password');\nloginPage.getUsernameField().should('be.visible').and('not.have.attr', 'required');\nloginPage.getPasswordField().should('be.visible').and('not.have.attr', 'required');\nloginPage.getLoginButton().should('be.visible').and('be.enabled').and('have.text', 'LOGIN').next().should('be.visible').and('have.text', 'Forgot Password?');\n// Should be clickable???",
              "err": {},
              "uuid": "93ee076f-e5a4-417c-b6f9-e3d788fd38f2",
              "parentUUID": "a4ead4d8-e359-4f29-9e6d-d3ded3877320",
              "isHook": false,
              "skipped": false
            },
            {
              "title": "Validate the valid login",
              "fullTitle": "Login form test Validate the valid login",
              "timedOut": null,
              "duration": 1330,
              "state": "passed",
              "speed": "fast",
              "pass": true,
              "fail": false,
              "pending": false,
              "context": null,
              "code": "cy.visit('https://techglobal-training.com/frontend');\ncy.get('.cards').contains('Project - Login Function').click();\nloginPage.userLogin('TechGlobal', 'Test1234');\nloginPage.getSuccessMessage().should('have.text', 'You are logged in').next().should('have.text', 'LOGOUT');",
              "err": {},
              "uuid": "7e7c75fd-8ab6-4f41-9cf1-7644bcc5c23c",
              "parentUUID": "a4ead4d8-e359-4f29-9e6d-d3ded3877320",
              "isHook": false,
              "skipped": false
            },
            {
              "title": "Validate the logout",
              "fullTitle": "Login form test Validate the logout",
              "timedOut": null,
              "duration": 1346,
              "state": "passed",
              "speed": "fast",
              "pass": true,
              "fail": false,
              "pending": false,
              "context": null,
              "code": "cy.visit('https://techglobal-training.com/frontend');\ncy.get('.cards').contains('Project - Login Function').click();\nloginPage.userLogin('TechGlobal', 'Test1234');\nloginPage.getSuccessMessage().next().click();\ncy.get('.mb-5').should('be.visible');",
              "err": {},
              "uuid": "e300d8a9-fe15-4922-b7e4-3d3ad5e75881",
              "parentUUID": "a4ead4d8-e359-4f29-9e6d-d3ded3877320",
              "isHook": false,
              "skipped": false
            },
            {
              "title": "Validate the Forgot Password? Link and Reset Password modal",
              "fullTitle": "Login form test Validate the Forgot Password? Link and Reset Password modal",
              "timedOut": null,
              "duration": 822,
              "state": "passed",
              "speed": "fast",
              "pass": true,
              "fail": false,
              "pending": false,
              "context": null,
              "code": "cy.visit('https://techglobal-training.com/frontend');\ncy.get('.cards').contains('Project - Login Function').click();\nloginPage.getLoginButton().next().click();\ncy.get('#modal_title').should('have.text', 'Reset Password');\nloginPage.getExitRPButton().should('be.visible');\ncy.get('#email').should('be.enabled');\ncy.get('.modal-card-body > div > form > div > label').should('have.text', `Enter your email address and we'll send you a link to reset your password. `);\ncy.get('#submit').should('be.visible').and('have.text', 'SUBMIT'); // clickable??",
              "err": {},
              "uuid": "d3dbadc7-dbc4-4e46-90cc-f16772c3c500",
              "parentUUID": "a4ead4d8-e359-4f29-9e6d-d3ded3877320",
              "isHook": false,
              "skipped": false
            },
            {
              "title": "Validate the Reset Password modal close button",
              "fullTitle": "Login form test Validate the Reset Password modal close button",
              "timedOut": null,
              "duration": 810,
              "state": "passed",
              "speed": "fast",
              "pass": true,
              "fail": false,
              "pending": false,
              "context": null,
              "code": "cy.visit('https://techglobal-training.com/frontend');\ncy.get('.cards').contains('Project - Login Function').click();\nloginPage.getLoginButton().next().click();\ncy.get('#modal_title').should('have.text', 'Reset Password');\nloginPage.getExitRPButton().click();\ncy.get('.mb-5').should('be.visible');",
              "err": {},
              "uuid": "41bcfe3a-779f-481d-b8f8-ada8f490b6f6",
              "parentUUID": "a4ead4d8-e359-4f29-9e6d-d3ded3877320",
              "isHook": false,
              "skipped": false
            },
            {
              "title": "Validate the Reset Password form submission",
              "fullTitle": "Login form test Validate the Reset Password form submission",
              "timedOut": null,
              "duration": 1190,
              "state": "passed",
              "speed": "fast",
              "pass": true,
              "fail": false,
              "pending": false,
              "context": null,
              "code": "cy.visit('https://techglobal-training.com/frontend');\ncy.get('.cards').contains('Project - Login Function').click();\nloginPage.getLoginButton().next().click();\ncy.get('#email').type('aziz.elm92@gmail.com');\ncy.get('#submit').click();\ncy.get('#confirmation_message').should('have.text', 'A link to reset your password has been sent to your email address.');",
              "err": {},
              "uuid": "e718ceac-8d93-4d88-9d6a-05cb67abafe6",
              "parentUUID": "a4ead4d8-e359-4f29-9e6d-d3ded3877320",
              "isHook": false,
              "skipped": false
            },
            {
              "title": "Validate the invalid login with the empty credentials",
              "fullTitle": "Login form test Validate the invalid login with the empty credentials",
              "timedOut": null,
              "duration": 776,
              "state": "passed",
              "speed": "fast",
              "pass": true,
              "fail": false,
              "pending": false,
              "context": null,
              "code": "cy.visit('https://techglobal-training.com/frontend');\ncy.get('.cards').contains('Project - Login Function').click();\nloginPage.getLoginButton().click();\nloginPage.getErrorMessage().should('have.text', 'Invalid Username entered!');",
              "err": {},
              "uuid": "3e7979d8-0ea7-4d0e-81a7-957b35946c08",
              "parentUUID": "a4ead4d8-e359-4f29-9e6d-d3ded3877320",
              "isHook": false,
              "skipped": false
            },
            {
              "title": "Validate the invalid login with the wrong username",
              "fullTitle": "Login form test Validate the invalid login with the wrong username",
              "timedOut": null,
              "duration": 1296,
              "state": "passed",
              "speed": "fast",
              "pass": true,
              "fail": false,
              "pending": false,
              "context": null,
              "code": "cy.visit('https://techglobal-training.com/frontend');\ncy.get('.cards').contains('Project - Login Function').click();\nloginPage.userLogin('John', 'Test1234');\nloginPage.getLoginButton().click();\nloginPage.getErrorMessage().should('have.text', 'Invalid Username entered!');",
              "err": {},
              "uuid": "25ffc45b-ad8f-48a8-a587-12bf0f4f4dd9",
              "parentUUID": "a4ead4d8-e359-4f29-9e6d-d3ded3877320",
              "isHook": false,
              "skipped": false
            },
            {
              "title": "Validate the invalid login with the wrong password",
              "fullTitle": "Login form test Validate the invalid login with the wrong password",
              "timedOut": null,
              "duration": 1251,
              "state": "passed",
              "speed": "fast",
              "pass": true,
              "fail": false,
              "pending": false,
              "context": null,
              "code": "cy.visit('https://techglobal-training.com/frontend');\ncy.get('.cards').contains('Project - Login Function').click();\nloginPage.userLogin('TechGlobal', '1234');\nloginPage.getLoginButton().click();\nloginPage.getErrorMessage().should('have.text', 'Invalid Password entered!');",
              "err": {},
              "uuid": "92c6059e-88b3-4eb1-92f3-8223897e4d08",
              "parentUUID": "a4ead4d8-e359-4f29-9e6d-d3ded3877320",
              "isHook": false,
              "skipped": false
            },
            {
              "title": "Validate the invalid login with the wrong username and password",
              "fullTitle": "Login form test Validate the invalid login with the wrong username and password",
              "timedOut": null,
              "duration": 1209,
              "state": "passed",
              "speed": "fast",
              "pass": true,
              "fail": false,
              "pending": false,
              "context": null,
              "code": "cy.visit('https://techglobal-training.com/frontend');\ncy.get('.cards').contains('Project - Login Function').click();\nloginPage.userLogin('John', '1234');\nloginPage.getLoginButton().click();\nloginPage.getErrorMessage().should('have.text', 'Invalid Username entered!');",
              "err": {},
              "uuid": "8778c117-8846-4d5a-bb5b-249caae115ad",
              "parentUUID": "a4ead4d8-e359-4f29-9e6d-d3ded3877320",
              "isHook": false,
              "skipped": false
            }
          ],
          "suites": [],
          "passes": [
            "93ee076f-e5a4-417c-b6f9-e3d788fd38f2",
            "7e7c75fd-8ab6-4f41-9cf1-7644bcc5c23c",
            "e300d8a9-fe15-4922-b7e4-3d3ad5e75881",
            "d3dbadc7-dbc4-4e46-90cc-f16772c3c500",
            "41bcfe3a-779f-481d-b8f8-ada8f490b6f6",
            "e718ceac-8d93-4d88-9d6a-05cb67abafe6",
            "3e7979d8-0ea7-4d0e-81a7-957b35946c08",
            "25ffc45b-ad8f-48a8-a587-12bf0f4f4dd9",
            "92c6059e-88b3-4eb1-92f3-8223897e4d08",
            "8778c117-8846-4d5a-bb5b-249caae115ad"
          ],
          "failures": [],
          "pending": [],
          "skipped": [],
          "duration": 11245,
          "root": false,
          "rootEmpty": false,
          "_timeout": 2000
        }
      ],
      "passes": [],
      "failures": [],
      "pending": [],
      "skipped": [],
      "duration": 0,
      "root": true,
      "rootEmpty": true,
      "_timeout": 2000
    }
  ],
  "meta": {
    "mocha": {
      "version": "7.0.1"
    },
    "mochawesome": {
      "options": {
        "quiet": false,
        "reportFilename": "mochawesome",
        "saveHtml": false,
        "saveJson": true,
        "consoleReporter": "spec",
        "useInlineDiffs": false,
        "code": true
      },
      "version": "7.1.3"
    },
    "marge": {
      "options": {
        "overwrite": false,
        "html": false,
        "json": true,
        "reportDir": "cypress/reports/html/.jsons"
      },
      "version": "6.2.0"
    }
  }
}