{
  "stats": {
    "suites": 1,
    "tests": 2,
    "passes": 2,
    "pending": 0,
    "failures": 0,
    "start": "2023-11-15T02:19:15.089Z",
    "end": "2023-11-15T02:19:26.971Z",
    "duration": 11882,
    "testsRegistered": 2,
    "passPercent": 100,
    "pendingPercent": 0,
    "other": 0,
    "hasOther": false,
    "skipped": 0,
    "hasSkipped": false
  },
  "results": [
    {
      "uuid": "cda40b62-c018-438e-a329-7b3150fb404a",
      "title": "",
      "fullFile": "cypress/e2e/integration/12-timeouts.cy.js",
      "file": "cypress/e2e/integration/12-timeouts.cy.js",
      "beforeHooks": [],
      "afterHooks": [],
      "tests": [],
      "suites": [
        {
          "uuid": "db490fac-eb74-44dc-a1eb-895f8a760dad",
          "title": "Timeouts",
          "fullFile": "",
          "file": "",
          "beforeHooks": [],
          "afterHooks": [],
          "tests": [
            {
              "title": "Explicit or Inline Timeouts",
              "fullTitle": "Timeouts Explicit or Inline Timeouts",
              "timedOut": null,
              "duration": 1025,
              "state": "passed",
              "speed": "fast",
              "pass": true,
              "fail": false,
              "pending": false,
              "context": null,
              "code": "cy.visit('https://techglobal-training.com/frontend');\ncy.get('.cards').contains('Html Elements').click();\n//cy.get('#randomName', {timout: 8000})\ncy.get('#main_heading', {\n  timeout: 10000\n});\ncy.get('#hello_paragraph', {\n  timeout: 10000\n}).click({\n  timeout: 7000,\n  force: true\n});",
              "err": {},
              "uuid": "ad96b0de-ba00-46e5-8e88-3c0c173a1eef",
              "parentUUID": "db490fac-eb74-44dc-a1eb-895f8a760dad",
              "isHook": false,
              "skipped": false
            },
            {
              "title": "Waits",
              "fullTitle": "Timeouts Waits",
              "timedOut": null,
              "duration": 10773,
              "state": "passed",
              "speed": "slow",
              "pass": true,
              "fail": false,
              "pending": false,
              "context": null,
              "code": "cy.visit('https://techglobal-training.com/frontend', {\n  timeout: 10000\n});\ncy.get('.cards').contains('Waits').click();\ncy.get('#red').click();\ncy.get('.box', {\n  timeout: 11000\n}).should('be.visible');",
              "err": {},
              "uuid": "39827e40-5721-4a7f-b411-93dfdcdc145b",
              "parentUUID": "db490fac-eb74-44dc-a1eb-895f8a760dad",
              "isHook": false,
              "skipped": false
            }
          ],
          "suites": [],
          "passes": [
            "ad96b0de-ba00-46e5-8e88-3c0c173a1eef",
            "39827e40-5721-4a7f-b411-93dfdcdc145b"
          ],
          "failures": [],
          "pending": [],
          "skipped": [],
          "duration": 11798,
          "root": false,
          "rootEmpty": false,
          "_timeout": 2000
        }
      ],
      "passes": [],
      "failures": [],
      "pending": [],
      "skipped": [],
      "duration": 0,
      "root": true,
      "rootEmpty": true,
      "_timeout": 2000
    }
  ],
  "meta": {
    "mocha": {
      "version": "7.0.1"
    },
    "mochawesome": {
      "options": {
        "quiet": false,
        "reportFilename": "mochawesome",
        "saveHtml": false,
        "saveJson": true,
        "consoleReporter": "spec",
        "useInlineDiffs": false,
        "code": true
      },
      "version": "7.1.3"
    },
    "marge": {
      "options": {
        "overwrite": false,
        "html": false,
        "json": true,
        "reportDir": "cypress/reports/html/.jsons"
      },
      "version": "6.2.0"
    }
  }
}