{
  "stats": {
    "suites": 1,
    "tests": 1,
    "passes": 1,
    "pending": 0,
    "failures": 0,
    "start": "2023-11-15T02:18:50.988Z",
    "end": "2023-11-15T02:18:52.561Z",
    "duration": 1573,
    "testsRegistered": 1,
    "passPercent": 100,
    "pendingPercent": 0,
    "other": 0,
    "hasOther": false,
    "skipped": 0,
    "hasSkipped": false
  },
  "results": [
    {
      "uuid": "d2fbd2b1-66ab-4910-b936-5a8de7eeabc1",
      "title": "",
      "fullFile": "cypress/e2e/integration/06-iFrames.cy.js",
      "file": "cypress/e2e/integration/06-iFrames.cy.js",
      "beforeHooks": [],
      "afterHooks": [],
      "tests": [],
      "suites": [
        {
          "uuid": "a81d019b-a64a-4afc-9752-968bb2258656",
          "title": "iFrames in Cypress",
          "fullFile": "",
          "file": "",
          "beforeHooks": [],
          "afterHooks": [],
          "tests": [
            {
              "title": "iFrames validate login",
              "fullTitle": "iFrames in Cypress iFrames validate login",
              "timedOut": null,
              "duration": 1526,
              "state": "passed",
              "speed": "fast",
              "pass": true,
              "fail": false,
              "pending": false,
              "context": null,
              "code": "cy.visit('https://techglobal-training.com/frontend');\ncy.get('.cards').contains('IFrames').click();\nconst name = ['John', 'Doe'];\ncy.get('#form_frame').its('0.contentDocument.body').find('#first_name,#last_name').each(($el, index) => {\n  cy.wrap($el).type(name[index]);\n});\ncy.get('#form_frame').its('0.contentDocument.body').find('#submit').click();\ncy.get('#result').should('have.text', `You entered: ${name.join(' ')}`);",
              "err": {},
              "uuid": "f4ef7890-5ce9-401e-a286-94a108f10c21",
              "parentUUID": "a81d019b-a64a-4afc-9752-968bb2258656",
              "isHook": false,
              "skipped": false
            }
          ],
          "suites": [],
          "passes": [
            "f4ef7890-5ce9-401e-a286-94a108f10c21"
          ],
          "failures": [],
          "pending": [],
          "skipped": [],
          "duration": 1526,
          "root": false,
          "rootEmpty": false,
          "_timeout": 2000
        }
      ],
      "passes": [],
      "failures": [],
      "pending": [],
      "skipped": [],
      "duration": 0,
      "root": true,
      "rootEmpty": true,
      "_timeout": 2000
    }
  ],
  "meta": {
    "mocha": {
      "version": "7.0.1"
    },
    "mochawesome": {
      "options": {
        "quiet": false,
        "reportFilename": "mochawesome",
        "saveHtml": false,
        "saveJson": true,
        "consoleReporter": "spec",
        "useInlineDiffs": false,
        "code": true
      },
      "version": "7.1.3"
    },
    "marge": {
      "options": {
        "overwrite": false,
        "html": false,
        "json": true,
        "reportDir": "cypress/reports/html/.jsons"
      },
      "version": "6.2.0"
    }
  }
}