{
  "stats": {
    "suites": 1,
    "tests": 2,
    "passes": 2,
    "pending": 0,
    "failures": 0,
    "start": "2023-11-15T02:19:02.347Z",
    "end": "2023-11-15T02:19:04.395Z",
    "duration": 2048,
    "testsRegistered": 2,
    "passPercent": 100,
    "pendingPercent": 0,
    "other": 0,
    "hasOther": false,
    "skipped": 0,
    "hasSkipped": false
  },
  "results": [
    {
      "uuid": "37afd1ab-3f8a-4d93-b8e3-a510b72108a4",
      "title": "",
      "fullFile": "cypress/e2e/integration/10-downloadAndUpload.cy.js",
      "file": "cypress/e2e/integration/10-downloadAndUpload.cy.js",
      "beforeHooks": [],
      "afterHooks": [],
      "tests": [],
      "suites": [
        {
          "uuid": "be9fa76d-ec11-4b30-b5eb-6af8a9ea800f",
          "title": "File Download & File Upload",
          "fullFile": "",
          "file": "",
          "beforeHooks": [],
          "afterHooks": [],
          "tests": [
            {
              "title": "File Download",
              "fullTitle": "File Download & File Upload File Download",
              "timedOut": null,
              "duration": 1174,
              "state": "passed",
              "speed": "fast",
              "pass": true,
              "fail": false,
              "pending": false,
              "context": null,
              "code": "cy.visit(\"https://techglobal-training.com/frontend\");\ncy.get('.cards').contains('File Download & Upload').click();\ncy.get(\"#file_download\").click();\nfileName = \"SampleText.txt\";\ncy.readFile(`cypress/downloads/${fileName}`);",
              "err": {},
              "uuid": "f15a9c05-2695-4d6e-a560-ae09bdbb5ab3",
              "parentUUID": "be9fa76d-ec11-4b30-b5eb-6af8a9ea800f",
              "isHook": false,
              "skipped": false
            },
            {
              "title": "File Upload",
              "fullTitle": "File Download & File Upload File Upload",
              "timedOut": null,
              "duration": 830,
              "state": "passed",
              "speed": "fast",
              "pass": true,
              "fail": false,
              "pending": false,
              "context": null,
              "code": "cy.visit(\"https://techglobal-training.com/frontend\");\ncy.get('.cards').contains('File Download & Upload').click();\ncy.get('#file_upload').selectFile(`cypress/downloads/${fileName}`);\n// Way to upload more than 1 file for the websites allowing you to upload multiple files at a time.\n// cy.get('#file_upload').selectFile([`cypress/downloads/${fileName}`, `cypress/downloads/${fileName}2`])\n// {action: 'drag-drop'} will give you option to drag the file into upload area\n// cy.get('#file_upload').selectFile(`cypress/downloads/${fileName}`, {action: 'drag-drop'})\ncy.get('#file_submit').realClick();\ncy.get('#result').should('have.text', `You uploaded ${fileName}`);",
              "err": {},
              "uuid": "4399945d-888d-426b-b319-926b755ae85a",
              "parentUUID": "be9fa76d-ec11-4b30-b5eb-6af8a9ea800f",
              "isHook": false,
              "skipped": false
            }
          ],
          "suites": [],
          "passes": [
            "f15a9c05-2695-4d6e-a560-ae09bdbb5ab3",
            "4399945d-888d-426b-b319-926b755ae85a"
          ],
          "failures": [],
          "pending": [],
          "skipped": [],
          "duration": 2004,
          "root": false,
          "rootEmpty": false,
          "_timeout": 2000
        }
      ],
      "passes": [],
      "failures": [],
      "pending": [],
      "skipped": [],
      "duration": 0,
      "root": true,
      "rootEmpty": true,
      "_timeout": 2000
    }
  ],
  "meta": {
    "mocha": {
      "version": "7.0.1"
    },
    "mochawesome": {
      "options": {
        "quiet": false,
        "reportFilename": "mochawesome",
        "saveHtml": false,
        "saveJson": true,
        "consoleReporter": "spec",
        "useInlineDiffs": false,
        "code": true
      },
      "version": "7.1.3"
    },
    "marge": {
      "options": {
        "overwrite": false,
        "html": false,
        "json": true,
        "reportDir": "cypress/reports/html/.jsons"
      },
      "version": "6.2.0"
    }
  }
}