{
  "stats": {
    "suites": 1,
    "tests": 1,
    "passes": 0,
    "pending": 0,
    "failures": 1,
    "start": "2023-11-15T02:19:58.120Z",
    "end": "2023-11-15T02:20:06.850Z",
    "duration": 8730,
    "testsRegistered": 1,
    "passPercent": 0,
    "pendingPercent": 0,
    "other": 0,
    "hasOther": false,
    "skipped": 0,
    "hasSkipped": false
  },
  "results": [
    {
      "uuid": "db6f4b42-8e2a-44ad-80f5-5414d6feba0c",
      "title": "",
      "fullFile": "cypress/e2e/integration/assertionsPractice3.cy.js",
      "file": "cypress/e2e/integration/assertionsPractice3.cy.js",
      "beforeHooks": [],
      "afterHooks": [],
      "tests": [],
      "suites": [
        {
          "uuid": "ba4e537c-020f-4339-97c9-09f7a035e6e7",
          "title": "Cypress Assertions",
          "fullFile": "",
          "file": "",
          "beforeHooks": [],
          "afterHooks": [],
          "tests": [
            {
              "title": "Default Assertions",
              "fullTitle": "Cypress Assertions Default Assertions",
              "timedOut": null,
              "duration": 8659,
              "state": "failed",
              "speed": null,
              "pass": false,
              "fail": true,
              "pending": false,
              "context": "{\n  \"title\": \"cypress-mochawesome-reporter-screenshots\",\n  \"value\": [\n    [\n      \"/assertionsPractice3.cy.js/Cypress Assertions -- Default Assertions (failed).png\"\n    ]\n  ]\n}",
              "code": "cy.visit('https://techglobal-training.com/frontend');\ncy.get('.cards').contains('Html Elements').click();\n/*\n        cy.get('#text_input1').should('be.enabled').type('Aziz').should('not.have.attr', 'required')\n\n        cy.get('#text_input2').should('be.enabled').type('Elmahboub').should('not.have.attr', 'required')\n        */\ncy.contains('Text Inputs').parent().find('input').as('textInputs');\nconst names = ['Aziz', 'Elmahboub'];\ncy.get('@textInputs').each(($el, index) => {\n  cy.wrap($el).type(names[index]).should('be.enabled').and('not.have.attr', 'required');\n});\n/**\n* 1. Go to https://techglobal-training.com/frontend\n* 2. Navigate to 'Html Elements' card\n* 3. From the \"Date Inputs\" section\n* 4. Validate date input 1 and date input 2 is enabled\n* 5. Validate date input 1 and date input 2 is is not required\n* 6. Enter dates for both date input 1 and date input 2\n* 7. Validate value is changed to given dates.\n*/\ncy.contains('Date Inputs').parent().find('input').as('dateInputs');\nconst dates = ['10/31/2023', '11/10/2023'];\ncy.get('@dateInputs').each(($el, index) => {\n  cy.wrap($el).clear().type(dates[index]).should('be.enabled').and('not.have.attr', 'required');\n  cy.wrap($el).should('have.attr', 'value', dates[index]);\n});\n/**\n* 1. Go to https://techglobal-training.com/frontend\n* 2. Navigate to 'Html Elements' card\n* 3. From the \"Dropdowns\" section\n* 4. Validate dropdown 1 and dropdown 2 is enabled\n* 6. Enter Microsoft for dropdown 1 and Apple for dropdown 2\n* 7. Validate options are selected\n*/\ncy.contains('Dropdowns').parent().find('select').as('dropDown');\ncy.get('@dropDown').each(($el, index) => {\n  const dropDownValue = ['Microsoft', 'Apple'];\n  cy.wrap($el).should('be.enabled').select(dropDownValue[index]).and('have.value', dropDownValue[index]);\n});",
              "err": {
                "message": "CypressError: Timed out retrying after 6000ms: `cy.clear()` failed because this element:\n\n`<input type=\"text\" id=\"date_input2\" class=\"\" value=\"11/14/2023\">`\n\nis being covered by another element:\n\n`<div class=\"react-datepicker__day-name\">Tu</div>`\n\nFix this problem, or use {force: true} to disable error checking.\n\nhttps://on.cypress.io/element-cannot-be-interacted-with",
                "estack": "CypressError: Timed out retrying after 6000ms: `cy.clear()` failed because this element:\n\n`<input type=\"text\" id=\"date_input2\" class=\"\" value=\"11/14/2023\">`\n\nis being covered by another element:\n\n`<div class=\"react-datepicker__day-name\">Tu</div>`\n\nFix this problem, or use {force: true} to disable error checking.\n\nhttps://on.cypress.io/element-cannot-be-interacted-with\n    at ensureIsDescendent (https://techglobal-training.com/__cypress/runner/cypress_runner.js:111897:68)\n    at ensureDescendents (https://techglobal-training.com/__cypress/runner/cypress_runner.js:111948:5)\n    at ensureDescendentsAndScroll (https://techglobal-training.com/__cypress/runner/cypress_runner.js:111954:14)\n    at ensureElIsNotCovered (https://techglobal-training.com/__cypress/runner/cypress_runner.js:112085:5)\n    at runAllChecks (https://techglobal-training.com/__cypress/runner/cypress_runner.js:112284:52)\n    at retryActionability (https://techglobal-training.com/__cypress/runner/cypress_runner.js:112321:16)\n    at tryCatcher (https://techglobal-training.com/__cypress/runner/cypress_runner.js:1807:23)\n    at Promise.attempt.Promise.try (https://techglobal-training.com/__cypress/runner/cypress_runner.js:4315:29)\n    at whenStable (https://techglobal-training.com/__cypress/runner/cypress_runner.js:144144:68)\n    at <unknown> (https://techglobal-training.com/__cypress/runner/cypress_runner.js:144085:14)\n    at tryCatcher (https://techglobal-training.com/__cypress/runner/cypress_runner.js:1807:23)\n    at Promise._settlePromiseFromHandler (https://techglobal-training.com/__cypress/runner/cypress_runner.js:1519:31)\n    at Promise._settlePromise (https://techglobal-training.com/__cypress/runner/cypress_runner.js:1576:18)\n    at Promise._settlePromise0 (https://techglobal-training.com/__cypress/runner/cypress_runner.js:1621:10)\n    at Promise._settlePromises (https://techglobal-training.com/__cypress/runner/cypress_runner.js:1701:18)\n    at Promise._fulfill (https://techglobal-training.com/__cypress/runner/cypress_runner.js:1645:18)\n    at <unknown> (https://techglobal-training.com/__cypress/runner/cypress_runner.js:5450:46)\nFrom Your Spec Code:\n    at Context.eval (webpack://cypressproject/./cypress/e2e/integration/assertionsPractice3.cy.js:46:25)",
                "diff": null
              },
              "uuid": "ceaaf467-a2df-470e-bd38-52f8d7de08ea",
              "parentUUID": "ba4e537c-020f-4339-97c9-09f7a035e6e7",
              "isHook": false,
              "skipped": false
            }
          ],
          "suites": [],
          "passes": [],
          "failures": [
            "ceaaf467-a2df-470e-bd38-52f8d7de08ea"
          ],
          "pending": [],
          "skipped": [],
          "duration": 8659,
          "root": false,
          "rootEmpty": false,
          "_timeout": 2000
        }
      ],
      "passes": [],
      "failures": [],
      "pending": [],
      "skipped": [],
      "duration": 0,
      "root": true,
      "rootEmpty": true,
      "_timeout": 2000
    }
  ],
  "meta": {
    "mocha": {
      "version": "7.0.1"
    },
    "mochawesome": {
      "options": {
        "quiet": false,
        "reportFilename": "mochawesome",
        "saveHtml": false,
        "saveJson": true,
        "consoleReporter": "spec",
        "useInlineDiffs": false,
        "code": true
      },
      "version": "7.1.3"
    },
    "marge": {
      "options": {
        "overwrite": false,
        "html": false,
        "json": true,
        "reportDir": "cypress/reports/html/.jsons"
      },
      "version": "6.2.0"
    }
  }
}