{
  "stats": {
    "suites": 1,
    "tests": 1,
    "passes": 1,
    "pending": 0,
    "failures": 0,
    "start": "2023-11-15T02:18:37.834Z",
    "end": "2023-11-15T02:18:38.853Z",
    "duration": 1019,
    "testsRegistered": 1,
    "passPercent": 100,
    "pendingPercent": 0,
    "other": 0,
    "hasOther": false,
    "skipped": 0,
    "hasSkipped": false
  },
  "results": [
    {
      "uuid": "8c0efc27-4ade-4ef0-824b-3d3359244d56",
      "title": "",
      "fullFile": "cypress/e2e/integration/03-selectors.cy.js",
      "file": "cypress/e2e/integration/03-selectors.cy.js",
      "beforeHooks": [],
      "afterHooks": [],
      "tests": [],
      "suites": [
        {
          "uuid": "87a05f31-6ad8-47d7-9daf-661fdb8b3780",
          "title": "Cypress Selectors",
          "fullFile": "",
          "file": "",
          "beforeHooks": [],
          "afterHooks": [],
          "tests": [
            {
              "title": "Practive Web Elements using - get and contains",
              "fullTitle": "Cypress Selectors Practive Web Elements using - get and contains",
              "timedOut": null,
              "duration": 988,
              "state": "passed",
              "speed": "fast",
              "pass": true,
              "fail": false,
              "pending": false,
              "context": null,
              "code": "cy.visit('https://techglobal-training.com/frontend');\n// Locates the web element by its visual text\n// cy.contains('Waits')\n//cy.get('insert locator').as(insert Alias)\n//cy.get(insert @Alias)",
              "err": {},
              "uuid": "d2c897db-d39a-4850-9080-4722c50def9a",
              "parentUUID": "87a05f31-6ad8-47d7-9daf-661fdb8b3780",
              "isHook": false,
              "skipped": false
            }
          ],
          "suites": [],
          "passes": [
            "d2c897db-d39a-4850-9080-4722c50def9a"
          ],
          "failures": [],
          "pending": [],
          "skipped": [],
          "duration": 988,
          "root": false,
          "rootEmpty": false,
          "_timeout": 2000
        }
      ],
      "passes": [],
      "failures": [],
      "pending": [],
      "skipped": [],
      "duration": 0,
      "root": true,
      "rootEmpty": true,
      "_timeout": 2000
    }
  ],
  "meta": {
    "mocha": {
      "version": "7.0.1"
    },
    "mochawesome": {
      "options": {
        "quiet": false,
        "reportFilename": "mochawesome",
        "saveHtml": false,
        "saveJson": true,
        "consoleReporter": "spec",
        "useInlineDiffs": false,
        "code": true
      },
      "version": "7.1.3"
    },
    "marge": {
      "options": {
        "overwrite": false,
        "html": false,
        "json": true,
        "reportDir": "cypress/reports/html/.jsons"
      },
      "version": "6.2.0"
    }
  }
}